# JRE version: Java(TM) SE Runtime Environment (8.0_60-b27) (build 1.8.0_60-b27)
# Java VM: Java HotSpot(TM) 64-Bit Server VM (25.60-b23 mixed mode windows-amd64 compressed oops)
Heap:
 PSYoungGen      total 76288K, used 45304K [0x000000076ae00000, 0x0000000771100000, 0x00000007c0000000)
  eden space 65536K, 52% used [0x000000076ae00000,0x000000076cfc6048,0x000000076ee00000)
  from space 10752K, 99% used [0x000000076ee00000,0x000000076f878020,0x000000076f880000)
  to   space 10752K, 0% used [0x0000000770680000,0x0000000770680000,0x0000000771100000)
 ParOldGen       total 132096K, used 23949K [0x00000006c0a00000, 0x00000006c8b00000, 0x000000076ae00000)
  object space 132096K, 18% used [0x00000006c0a00000,0x00000006c2163670,0x00000006c8b00000)
 Metaspace       used 23328K, capacity 25296K, committed 25648K, reserved 1071104K
  class space    used 3449K, capacity 3762K, committed 3888K, reserved 1048576K
GC Heap History (8 events):
Event: 2.920 GC heap before
{Heap before GC invocations=1 (full 0):
 PSYoungGen      total 76288K, used 65536K [0x000000076ae00000, 0x0000000770300000, 0x00000007c0000000)
  eden space 65536K, 100% used [0x000000076ae00000,0x000000076ee00000,0x000000076ee00000)
  from space 10752K, 0% used [0x000000076f880000,0x000000076f880000,0x0000000770300000)
  to   space 10752K, 0% used [0x000000076ee00000,0x000000076ee00000,0x000000076f880000)
 ParOldGen       total 175104K, used 0K [0x00000006c0a00000, 0x00000006cb500000, 0x000000076ae00000)
  object space 175104K, 0% used [0x00000006c0a00000,0x00000006c0a00000,0x00000006cb500000)
 Metaspace       used 15707K, capacity 16476K, committed 16640K, reserved 1062912K
  class space    used 2311K, capacity 2512K, committed 2560K, reserved 1048576K
Event: 2.925 GC heap after
Heap after GC invocations=1 (full 0):
 PSYoungGen      total 76288K, used 6096K [0x000000076ae00000, 0x0000000770300000, 0x00000007c0000000)
  eden space 65536K, 0% used [0x000000076ae00000,0x000000076ae00000,0x000000076ee00000)
  from space 10752K, 56% used [0x000000076ee00000,0x000000076f3f4050,0x000000076f880000)
  to   space 10752K, 0% used [0x000000076f880000,0x000000076f880000,0x0000000770300000)
 ParOldGen       total 175104K, used 88K [0x00000006c0a00000, 0x00000006cb500000, 0x000000076ae00000)
  object space 175104K, 0% used [0x00000006c0a00000,0x00000006c0a16010,0x00000006cb500000)
 Metaspace       used 15707K, capacity 16476K, committed 16640K, reserved 1062912K
  class space    used 2311K, capacity 2512K, committed 2560K, reserved 1048576K
}
Event: 3.626 GC heap before
{Heap before GC invocations=2 (full 0):
 PSYoungGen      total 76288K, used 50042K [0x000000076ae00000, 0x0000000770300000, 0x00000007c0000000)
  eden space 65536K, 67% used [0x000000076ae00000,0x000000076d8ea8e0,0x000000076ee00000)
  from space 10752K, 56% used [0x000000076ee00000,0x000000076f3f4050,0x000000076f880000)
  to   space 10752K, 0% used [0x000000076f880000,0x000000076f880000,0x0000000770300000)
 ParOldGen       total 175104K, used 88K [0x00000006c0a00000, 0x00000006cb500000, 0x000000076ae00000)
  object space 175104K, 0% used [0x00000006c0a00000,0x00000006c0a16010,0x00000006cb500000)
 Metaspace       used 19630K, capacity 21270K, committed 21296K, reserved 1067008K
  class space    used 3053K, capacity 3361K, committed 3376K, reserved 1048576K
Event: 3.641 GC heap after
Heap after GC invocations=2 (full 0):
 PSYoungGen      total 76288K, used 10722K [0x000000076ae00000, 0x0000000774300000, 0x00000007c0000000)
  eden space 65536K, 0% used [0x000000076ae00000,0x000000076ae00000,0x000000076ee00000)
  from space 10752K, 99% used [0x000000076f880000,0x00000007702f8ad0,0x0000000770300000)
  to   space 10752K, 0% used [0x000000076ee00000,0x000000076ee00000,0x000000076f880000)
 ParOldGen       total 175104K, used 3969K [0x00000006c0a00000, 0x00000006cb500000, 0x000000076ae00000)
  object space 175104K, 2% used [0x00000006c0a00000,0x00000006c0de05b0,0x00000006cb500000)
 Metaspace       used 19630K, capacity 21270K, committed 21296K, reserved 1067008K
  class space    used 3053K, capacity 3361K, committed 3376K, reserved 1048576K
}
Event: 3.641 GC heap before
{Heap before GC invocations=3 (full 1):
 PSYoungGen      total 76288K, used 10722K [0x000000076ae00000, 0x0000000774300000, 0x00000007c0000000)
  eden space 65536K, 0% used [0x000000076ae00000,0x000000076ae00000,0x000000076ee00000)
  from space 10752K, 99% used [0x000000076f880000,0x00000007702f8ad0,0x0000000770300000)
  to   space 10752K, 0% used [0x000000076ee00000,0x000000076ee00000,0x000000076f880000)
 ParOldGen       total 175104K, used 3969K [0x00000006c0a00000, 0x00000006cb500000, 0x000000076ae00000)
  object space 175104K, 2% used [0x00000006c0a00000,0x00000006c0de05b0,0x00000006cb500000)
 Metaspace       used 19630K, capacity 21270K, committed 21296K, reserved 1067008K
  class space    used 3053K, capacity 3361K, committed 3376K, reserved 1048576K
Event: 3.736 GC heap after
Heap after GC invocations=3 (full 1):
 PSYoungGen      total 76288K, used 0K [0x000000076ae00000, 0x0000000774300000, 0x00000007c0000000)
  eden space 65536K, 0% used [0x000000076ae00000,0x000000076ae00000,0x000000076ee00000)
  from space 10752K, 0% used [0x000000076f880000,0x000000076f880000,0x0000000770300000)
  to   space 10752K, 0% used [0x000000076ee00000,0x000000076ee00000,0x000000076f880000)
 ParOldGen       total 132096K, used 14584K [0x00000006c0a00000, 0x00000006c8b00000, 0x000000076ae00000)
  object space 132096K, 11% used [0x00000006c0a00000,0x00000006c183e358,0x00000006c8b00000)
 Metaspace       used 19630K, capacity 21270K, committed 21296K, reserved 1067008K
  class space    used 3053K, capacity 3361K, committed 3376K, reserved 1048576K
}
Event: 22.810 GC heap before
{Heap before GC invocations=4 (full 1):
 PSYoungGen      total 76288K, used 65536K [0x000000076ae00000, 0x0000000774300000, 0x00000007c0000000)
  eden space 65536K, 100% used [0x000000076ae00000,0x000000076ee00000,0x000000076ee00000)
  from space 10752K, 0% used [0x000000076f880000,0x000000076f880000,0x0000000770300000)
  to   space 10752K, 0% used [0x000000076ee00000,0x000000076ee00000,0x000000076f880000)
 ParOldGen       total 132096K, used 14584K [0x00000006c0a00000, 0x00000006c8b00000, 0x000000076ae00000)
  object space 132096K, 11% used [0x00000006c0a00000,0x00000006c183e358,0x00000006c8b00000)
 Metaspace       used 22834K, capacity 24724K, committed 24752K, reserved 1071104K
  class space    used 3424K, capacity 3754K, committed 3760K, reserved 1048576K
Event: 22.821 GC heap after
Heap after GC invocations=4 (full 1):
 PSYoungGen      total 76288K, used 10720K [0x000000076ae00000, 0x0000000771100000, 0x00000007c0000000)
  eden space 65536K, 0% used [0x000000076ae00000,0x000000076ae00000,0x000000076ee00000)
  from space 10752K, 99% used [0x000000076ee00000,0x000000076f878020,0x000000076f880000)
  to   space 10752K, 0% used [0x0000000770680000,0x0000000770680000,0x0000000771100000)
 ParOldGen       total 132096K, used 23949K [0x00000006c0a00000, 0x00000006c8b00000, 0x000000076ae00000)
  object space 132096K, 18% used [0x00000006c0a00000,0x00000006c2163670,0x00000006c8b00000)
 Metaspace       used 22834K, capacity 24724K, committed 24752K, reserved 1071104K
  class space    used 3424K, capacity 3754K, committed 3760K, reserved 1048576K
}

